<?xml version="1.0" encoding="UTF-8"?>
<coverage generated="1525265958917" clover="3.2.0">
  <project timestamp="1525265958917" name="All files">
    <metrics statements="146" coveredstatements="65" conditionals="69" coveredconditionals="23" methods="68" coveredmethods="24" elements="283" coveredelements="112" complexity="0" loc="146" ncloc="146" packages="5" files="13" classes="13">
      <package name="src">
        <metrics statements="23" coveredstatements="1" conditionals="25" coveredconditionals="0" methods="17" coveredmethods="1"/>
        <file name="App.js" path="/Users/Shared/workspaces/snowshoe-metrics-dashboard/client/src/App.js">
          <metrics statements="1" coveredstatements="1" conditionals="0" coveredconditionals="0" methods="1" coveredmethods="1"/>
          <line num="8" count="1" type="stmt"/>
        </file>
        <file name="index.js" path="/Users/Shared/workspaces/snowshoe-metrics-dashboard/client/src/index.js">
          <metrics statements="7" coveredstatements="0" conditionals="4" coveredconditionals="0" methods="1" coveredmethods="0"/>
          <line num="1" count="0" type="stmt"/>
          <line num="2" count="0" type="stmt"/>
          <line num="3" count="0" type="stmt"/>
          <line num="4" count="0" type="stmt"/>
          <line num="5" count="0" type="cond" truecount="0" falsecount="4"/>
          <line num="7" count="0" type="stmt"/>
          <line num="8" count="0" type="stmt"/>
        </file>
        <file name="registerServiceWorker.js" path="/Users/Shared/workspaces/snowshoe-metrics-dashboard/client/src/registerServiceWorker.js">
          <metrics statements="15" coveredstatements="0" conditionals="21" coveredconditionals="0" methods="15" coveredmethods="0"/>
          <line num="1" count="0" type="stmt"/>
          <line num="21" count="0" type="stmt"/>
          <line num="118" count="0" type="cond" truecount="0" falsecount="3"/>
          <line num="120" count="0" type="cond" truecount="0" falsecount="4"/>
          <line num="121" count="0" type="cond" truecount="0" falsecount="2"/>
          <line num="124" count="0" type="cond" truecount="0" falsecount="2"/>
          <line num="125" count="0" type="stmt"/>
          <line num="127" count="0" type="stmt"/>
          <line num="128" count="0" type="cond" truecount="0" falsecount="4"/>
          <line num="132" count="0" type="stmt"/>
          <line num="135" count="0" type="stmt"/>
          <line num="136" count="0" type="stmt"/>
          <line num="137" count="0" type="cond" truecount="0" falsecount="4"/>
          <line num="138" count="0" type="stmt"/>
          <line num="139" count="0" type="cond" truecount="0" falsecount="2"/>
        </file>
      </package>
      <package name="src.components">
        <metrics statements="12" coveredstatements="10" conditionals="4" coveredconditionals="2" methods="6" coveredmethods="4"/>
        <file name="DateSelection.js" path="/Users/Shared/workspaces/snowshoe-metrics-dashboard/client/src/components/DateSelection.js">
          <metrics statements="6" coveredstatements="4" conditionals="4" coveredconditionals="2" methods="3" coveredmethods="1"/>
          <line num="5" count="3" type="stmt"/>
          <line num="6" count="2" type="stmt"/>
          <line num="7" count="2" type="stmt"/>
          <line num="9" count="2" type="stmt"/>
          <line num="16" count="0" type="stmt"/>
          <line num="30" count="0" type="stmt"/>
        </file>
        <file name="Header.js" path="/Users/Shared/workspaces/snowshoe-metrics-dashboard/client/src/components/Header.js">
          <metrics statements="2" coveredstatements="2" conditionals="0" coveredconditionals="0" methods="1" coveredmethods="1"/>
          <line num="3" count="1" type="stmt"/>
          <line num="4" count="1" type="stmt"/>
        </file>
        <file name="Metric.js" path="/Users/Shared/workspaces/snowshoe-metrics-dashboard/client/src/components/Metric.js">
          <metrics statements="2" coveredstatements="2" conditionals="0" coveredconditionals="0" methods="1" coveredmethods="1"/>
          <line num="3" count="3" type="stmt"/>
          <line num="4" count="3" type="stmt"/>
        </file>
        <file name="Spinner.js" path="/Users/Shared/workspaces/snowshoe-metrics-dashboard/client/src/components/Spinner.js">
          <metrics statements="2" coveredstatements="2" conditionals="0" coveredconditionals="0" methods="1" coveredmethods="1"/>
          <line num="3" count="3" type="stmt"/>
          <line num="4" count="4" type="stmt"/>
        </file>
      </package>
      <package name="src.containers">
        <metrics statements="51" coveredstatements="40" conditionals="32" coveredconditionals="19" methods="16" coveredmethods="15"/>
        <file name="GridSection.js" path="/Users/Shared/workspaces/snowshoe-metrics-dashboard/client/src/containers/GridSection.js">
          <metrics statements="21" coveredstatements="13" conditionals="14" coveredconditionals="6" methods="5" coveredmethods="4"/>
          <line num="20" count="1" type="stmt"/>
          <line num="21" count="1" type="stmt"/>
          <line num="22" count="1" type="stmt"/>
          <line num="26" count="1" type="cond" truecount="1" falsecount="1"/>
          <line num="27" count="1" type="cond" truecount="1" falsecount="1"/>
          <line num="29" count="1" type="stmt"/>
          <line num="39" count="1" type="cond" truecount="1" falsecount="1"/>
          <line num="40" count="0" type="stmt"/>
          <line num="42" count="1" type="cond" truecount="1" falsecount="1"/>
          <line num="43" count="0" type="stmt"/>
          <line num="45" count="1" type="stmt"/>
          <line num="49" count="0" type="cond" truecount="0" falsecount="2"/>
          <line num="50" count="0" type="stmt"/>
          <line num="52" count="0" type="stmt"/>
          <line num="59" count="1" type="cond" truecount="1" falsecount="1"/>
          <line num="60" count="0" type="stmt"/>
          <line num="62" count="1" type="cond" truecount="1" falsecount="1"/>
          <line num="63" count="0" type="stmt"/>
          <line num="65" count="1" type="stmt"/>
          <line num="66" count="0" type="stmt"/>
          <line num="76" count="1" type="stmt"/>
        </file>
        <file name="Homepage.js" path="/Users/Shared/workspaces/snowshoe-metrics-dashboard/client/src/containers/Homepage.js">
          <metrics statements="9" coveredstatements="9" conditionals="2" coveredconditionals="2" methods="6" coveredmethods="6"/>
          <line num="20" count="1" type="stmt"/>
          <line num="25" count="1" type="stmt"/>
          <line num="30" count="1" type="stmt"/>
          <line num="34" count="1" type="stmt"/>
          <line num="40" count="2" type="stmt"/>
          <line num="41" count="8" type="cond" truecount="2" falsecount="0"/>
          <line num="42" count="2" type="stmt"/>
          <line num="44" count="6" type="stmt"/>
          <line num="47" count="2" type="stmt"/>
        </file>
        <file name="MetricSection.js" path="/Users/Shared/workspaces/snowshoe-metrics-dashboard/client/src/containers/MetricSection.js">
          <metrics statements="21" coveredstatements="18" conditionals="16" coveredconditionals="11" methods="5" coveredmethods="5"/>
          <line num="24" count="5" type="stmt"/>
          <line num="25" count="5" type="stmt"/>
          <line num="26" count="5" type="stmt"/>
          <line num="30" count="5" type="cond" truecount="1" falsecount="1"/>
          <line num="31" count="5" type="cond" truecount="1" falsecount="1"/>
          <line num="33" count="5" type="stmt"/>
          <line num="44" count="5" type="cond" truecount="1" falsecount="1"/>
          <line num="45" count="0" type="stmt"/>
          <line num="47" count="5" type="cond" truecount="2" falsecount="0"/>
          <line num="48" count="2" type="stmt"/>
          <line num="50" count="3" type="stmt"/>
          <line num="53" count="2" type="cond" truecount="1" falsecount="1"/>
          <line num="54" count="0" type="stmt"/>
          <line num="56" count="2" type="stmt"/>
          <line num="63" count="7" type="cond" truecount="2" falsecount="0"/>
          <line num="64" count="5" type="stmt"/>
          <line num="66" count="2" type="cond" truecount="1" falsecount="1"/>
          <line num="67" count="0" type="stmt"/>
          <line num="69" count="2" type="stmt"/>
          <line num="70" count="6" type="stmt"/>
          <line num="75" count="7" type="stmt"/>
        </file>
      </package>
      <package name="src.service">
        <metrics statements="33" coveredstatements="14" conditionals="4" coveredconditionals="2" methods="4" coveredmethods="4"/>
        <file name="apiService.js" path="/Users/Shared/workspaces/snowshoe-metrics-dashboard/client/src/service/apiService.js">
          <metrics statements="33" coveredstatements="14" conditionals="4" coveredconditionals="2" methods="4" coveredmethods="4"/>
          <line num="4" count="2" type="stmt"/>
          <line num="5" count="1" type="stmt"/>
          <line num="6" count="1" type="stmt"/>
          <line num="7" count="0" type="stmt"/>
          <line num="10" count="0" type="stmt"/>
          <line num="12" count="0" type="stmt"/>
          <line num="13" count="0" type="stmt"/>
          <line num="17" count="2" type="stmt"/>
          <line num="18" count="1" type="cond" truecount="1" falsecount="1"/>
          <line num="19" count="0" type="stmt"/>
          <line num="21" count="1" type="stmt"/>
          <line num="22" count="1" type="stmt"/>
          <line num="26" count="0" type="stmt"/>
          <line num="27" count="0" type="stmt"/>
          <line num="30" count="0" type="stmt"/>
          <line num="32" count="0" type="stmt"/>
          <line num="33" count="0" type="stmt"/>
          <line num="39" count="2" type="stmt"/>
          <line num="40" count="1" type="cond" truecount="1" falsecount="1"/>
          <line num="41" count="0" type="stmt"/>
          <line num="43" count="1" type="stmt"/>
          <line num="44" count="1" type="stmt"/>
          <line num="48" count="0" type="stmt"/>
          <line num="51" count="0" type="stmt"/>
          <line num="53" count="0" type="stmt"/>
          <line num="54" count="0" type="stmt"/>
          <line num="59" count="2" type="stmt"/>
          <line num="60" count="1" type="stmt"/>
          <line num="61" count="1" type="stmt"/>
          <line num="62" count="0" type="stmt"/>
          <line num="65" count="0" type="stmt"/>
          <line num="67" count="0" type="stmt"/>
          <line num="68" count="0" type="stmt"/>
        </file>
      </package>
      <package name="src.test">
        <metrics statements="27" coveredstatements="0" conditionals="4" coveredconditionals="0" methods="25" coveredmethods="0"/>
        <file name="mockGlobals.js" path="/Users/Shared/workspaces/snowshoe-metrics-dashboard/client/src/test/mockGlobals.js">
          <metrics statements="23" coveredstatements="0" conditionals="0" coveredconditionals="0" methods="24" coveredmethods="0"/>
          <line num="1" count="0" type="stmt"/>
          <line num="2" count="0" type="stmt"/>
          <line num="4" count="0" type="stmt"/>
          <line num="10" count="0" type="stmt"/>
          <line num="11" count="0" type="stmt"/>
          <line num="12" count="0" type="stmt"/>
          <line num="13" count="0" type="stmt"/>
          <line num="14" count="0" type="stmt"/>
          <line num="15" count="0" type="stmt"/>
          <line num="16" count="0" type="stmt"/>
          <line num="17" count="0" type="stmt"/>
          <line num="18" count="0" type="stmt"/>
          <line num="19" count="0" type="stmt"/>
          <line num="20" count="0" type="stmt"/>
          <line num="21" count="0" type="stmt"/>
          <line num="22" count="0" type="stmt"/>
          <line num="23" count="0" type="stmt"/>
          <line num="24" count="0" type="stmt"/>
          <line num="25" count="0" type="stmt"/>
          <line num="26" count="0" type="stmt"/>
          <line num="27" count="0" type="stmt"/>
          <line num="28" count="0" type="stmt"/>
          <line num="29" count="0" type="stmt"/>
        </file>
        <file name="setupTests.js" path="/Users/Shared/workspaces/snowshoe-metrics-dashboard/client/src/test/setupTests.js">
          <metrics statements="4" coveredstatements="0" conditionals="4" coveredconditionals="0" methods="1" coveredmethods="0"/>
          <line num="1" count="0" type="stmt"/>
          <line num="3" count="0" type="stmt"/>
          <line num="4" count="0" type="cond" truecount="0" falsecount="4"/>
          <line num="6" count="0" type="stmt"/>
        </file>
      </package>
    </metrics>
  </project>
</coverage>
